<?xml version="1.0" encoding="UTF-8"?>
<testng-results skipped="0" failed="0" total="1" passed="1">
  <reporter-output>
  </reporter-output>
  <suite name="Default suite" duration-ms="162243" started-at="2021-05-24T08:00:20Z" finished-at="2021-05-24T08:03:02Z">
    <groups>
    </groups>
    <test name="Default test" duration-ms="162243" started-at="2021-05-24T08:00:20Z" finished-at="2021-05-24T08:03:02Z">
      <class name="intellect.TestCase">
        <test-method status="PASS" signature="beforeSuite()[pri:0, instance:intellect.TestCase@3ba9ad43]" name="beforeSuite" is-config="true" duration-ms="2877" started-at="2021-05-24T13:30:17Z" finished-at="2021-05-24T13:30:20Z">
          <reporter-output>
          </reporter-output>
        </test-method> <!-- beforeSuite -->
        <test-method status="PASS" signature="setData()[pri:0, instance:intellect.TestCase@3ba9ad43]" name="setData" is-config="true" duration-ms="0" started-at="2021-05-24T13:30:20Z" finished-at="2021-05-24T13:30:20Z">
          <reporter-output>
          </reporter-output>
        </test-method> <!-- setData -->
        <test-method status="PASS" signature="beforeClass()[pri:0, instance:intellect.TestCase@3ba9ad43]" name="beforeClass" is-config="true" duration-ms="9" started-at="2021-05-24T13:30:20Z" finished-at="2021-05-24T13:30:20Z">
          <reporter-output>
          </reporter-output>
        </test-method> <!-- beforeClass -->
        <test-method status="PASS" signature="beforeMethod()[pri:0, instance:intellect.TestCase@3ba9ad43]" name="beforeMethod" is-config="true" duration-ms="59054" started-at="2021-05-24T13:30:29Z" finished-at="2021-05-24T13:31:28Z">
          <reporter-output>
          </reporter-output>
        </test-method> <!-- beforeMethod -->
        <test-method status="PASS" signature="selectFlight(java.lang.String, java.lang.String)[pri:0, instance:intellect.TestCase@3ba9ad43]" name="selectFlight" duration-ms="90787" started-at="2021-05-24T13:31:28Z" data-provider="fetchData" finished-at="2021-05-24T13:32:59Z">
          <params>
            <param index="0">
              <value>
                <![CDATA[chennai]]>
              </value>
            </param>
            <param index="1">
              <value>
                <![CDATA[delhi]]>
              </value>
            </param>
          </params>
          <reporter-output>
          </reporter-output>
        </test-method> <!-- selectFlight -->
        <test-method status="PASS" signature="afterMethod()[pri:0, instance:intellect.TestCase@3ba9ad43]" name="afterMethod" is-config="true" duration-ms="2924" started-at="2021-05-24T13:32:59Z" finished-at="2021-05-24T13:33:02Z">
          <reporter-output>
          </reporter-output>
        </test-method> <!-- afterMethod -->
        <test-method status="PASS" signature="afterSuite()[pri:0, instance:intellect.TestCase@3ba9ad43]" name="afterSuite" is-config="true" duration-ms="2104" started-at="2021-05-24T13:33:02Z" finished-at="2021-05-24T13:33:04Z">
          <reporter-output>
          </reporter-output>
        </test-method> <!-- afterSuite -->
      </class> <!-- intellect.TestCase -->
    </test> <!-- Default test -->
  </suite> <!-- Default suite -->
</testng-results>
